c:\users\jayli\desktop\violet\violet\violet\x64\release\vc143.pdb
c:\users\jayli\desktop\violet\violet\violet\x64\release\tuning.obj
c:\users\jayli\desktop\violet\violet\violet\x64\release\testsuites.obj
c:\users\jayli\desktop\violet\violet\violet\x64\release\search.obj
c:\users\jayli\desktop\violet\violet\violet\x64\release\openingbook.obj
c:\users\jayli\desktop\violet\violet\violet\x64\release\oneoffutilities.obj
c:\users\jayli\desktop\violet\violet\violet\x64\release\moves.obj
c:\users\jayli\desktop\violet\violet\violet\x64\release\moveorder.obj
c:\users\jayli\desktop\violet\violet\violet\x64\release\main.obj
c:\users\jayli\desktop\violet\violet\violet\x64\release\hashtable.obj
c:\users\jayli\desktop\violet\violet\violet\x64\release\generalmoves.obj
c:\users\jayli\desktop\violet\violet\violet\x64\release\gamecontrol.obj
c:\users\jayli\desktop\violet\violet\violet\x64\release\frontendinterface.obj
c:\users\jayli\desktop\violet\violet\violet\x64\release\evaluation.obj
c:\users\jayli\desktop\violet\violet\violet\x64\release\bitboard.obj
c:\users\jayli\desktop\violet\violet\x64\release\violet.exe
c:\users\jayli\desktop\violet\violet\x64\release\violet.pdb
c:\users\jayli\desktop\violet\violet\violet\x64\release\violet.ipdb
c:\users\jayli\desktop\violet\violet\violet\x64\release\violet.iobj
c:\users\jayli\desktop\violet\violet\violet\x64\release\violet.tlog\cl.command.1.tlog
c:\users\jayli\desktop\violet\violet\violet\x64\release\violet.tlog\cl.items.tlog
c:\users\jayli\desktop\violet\violet\violet\x64\release\violet.tlog\cl.read.1.tlog
c:\users\jayli\desktop\violet\violet\violet\x64\release\violet.tlog\cl.write.1.tlog
c:\users\jayli\desktop\violet\violet\violet\x64\release\violet.tlog\link.command.1.tlog
c:\users\jayli\desktop\violet\violet\violet\x64\release\violet.tlog\link.read.1.tlog
c:\users\jayli\desktop\violet\violet\violet\x64\release\violet.tlog\link.secondary.1.tlog
c:\users\jayli\desktop\violet\violet\violet\x64\release\violet.tlog\link.write.1.tlog
